Arguments: 
  C:\Program Files\nodejs\node.exe C:\Users\khoakomlem\AppData\Roaming\npm\node_modules\yarn\bin\yarn.js add nedb-promises

PATH: 
  C:\Program Files (x86)\Common Files\Oracle\Java\javapath;C:\Program Files\Eclipse Foundation\jdk-8.0.302.8-hotspot\bin;C:\Python39\Scripts\;C:\Python39\;C:\WINDOWS\system32;C:\WINDOWS;C:\WINDOWS\System32\Wbem;C:\WINDOWS\System32\WindowsPowerShell\v1.0\;C:\WINDOWS\System32\OpenSSH\;C:\ProgramData\chocolatey\bin;C:\Program Files\nodejs\;C:\Program Files\dotnet\;C:\Program Files (x86)\NVIDIA Corporation\PhysX\Common;C:\Program Files\NVIDIA Corporation\NVIDIA NvDLISR;C:\Program Files\Git\cmd;C:\Program Files\Go\bin;C:\Strawberry\c\bin;C:\Strawberry\perl\site\bin;C:\Strawberry\perl\bin;C:\Program Files\OpenSSH-Win64;C:\Program Files (x86)\Gpg4win\..\GnuPG\bin;C:\Users\khoakomlem\AppData\Local\Microsoft\WindowsApps;C:\Users\khoakomlem\AppData\Local\atom\bin;C:\Users\khoakomlem\AppData\Local\gitkraken\bin;C:\Users\khoakomlem\AppData\Roaming\npm;C:\Users\khoakomlem\go\bin;C:\Users\khoakomlem\AppData\Local\Programs\Microsoft VS Code\bin;C:\Users\khoakomlem\.deno\bin\;C:\Program Files\NASM;C:\Program Files\OpenSSL-Win64\bin;D:\bin;D:\cmder;C:\Program Files\JetBrains\WebStorm 2021.2.2\bin;

Yarn version: 
  1.22.11

Node version: 
  16.6.0

Platform: 
  win32 x64

Trace: 
  Error: getaddrinfo ENOTFOUND registry.yarnpkg.com
      at GetAddrInfoReqWrap.onlookup [as oncomplete] (node:dns:71:26)

npm manifest: 
  {
    "name": "kb2abot",
    "type": "module",
    "version": "2.0.3",
    "description": "Bot that connected to Facebook Messenger help you to manage members, entertain in any groups!",
    "main": "main/index.js",
    "scripts": {
      "start": "node main",
      "update": "node scripts/update",
      "dev": "node --trace-warnings main/deploy --cookiePath bot.json",
      "debug": "node --trace-warnings --inspect-brk main/deploy --cookiePath bot.json",
      "debug-internal": "node --inspect-brk main dev",
      "login": "node login"
    },
    "repository": {
      "type": "git",
      "url": "git+https://github.com/kb2ateam/kb2abot.git"
    },
    "author": "khoakomlem",
    "license": "MIT",
    "dependencies": {
      "@small-tech/import-fresh": "^1.0.1",
      "adm-zip": "^0.5.3",
      "axios": "^0.21.1",
      "chalk": "^4.1.0",
      "check-internet-connected": "^2.0.5",
      "decache": "^4.6.0",
      "deep-extend": "^0.6.0",
      "detective": "^5.2.0",
      "dotenv": "^10.0.0",
      "facebook-chat-api": "^1.8.0",
      "fast-safe-stringify": "^2.0.7",
      "folder-hash": "^4.0.1",
      "is-running": "^2.1.0",
      "log-to-file": "^2.0.2",
      "minimist": "^1.2.5",
      "node-emoji": "^1.10.0",
      "ora": "^5.3.0",
      "recursive-readdir": "^2.2.2",
      "semver": "^7.3.4",
      "simple-git": "^2.34.2",
      "socket.io-client": "^4.1.3",
      "string-similarity": "^4.0.4",
      "terminal-kit": "^2.1.6",
      "ts-messenger-api": "^1.0.3",
      "uniqid": "^5.2.0",
      "amogus": "^1.0.0"
    },
    "devDependencies": {
      "eslint": "^7.26.0"
    }
  }

yarn manifest: 
  No manifest

Lockfile: 
  No lockfile
